SF:C:\Users\Rachel Benzon\Documents\.Net\Blabber\assignment-05-rrbenzon\BlabberApp.DataStore\Plugins\InMemory.cs
FN:17,System.Void BlabberApp.DataStore.Plugins.InMemory::Create(BlabberApp.Domain.Interfaces.IEntity)
FNDA:5,System.Void BlabberApp.DataStore.Plugins.InMemory::Create(BlabberApp.Domain.Interfaces.IEntity)
DA:18,5
DA:19,5
DA:20,5
FN:22,System.Collections.IEnumerable BlabberApp.DataStore.Plugins.InMemory::ReadAll()
FNDA:9,System.Collections.IEnumerable BlabberApp.DataStore.Plugins.InMemory::ReadAll()
DA:23,9
DA:24,9
DA:25,9
FN:27,BlabberApp.Domain.Interfaces.IEntity BlabberApp.DataStore.Plugins.InMemory::ReadById(System.Guid)
FNDA:2,BlabberApp.Domain.Interfaces.IEntity BlabberApp.DataStore.Plugins.InMemory::ReadById(System.Guid)
DA:28,2
DA:29,8
DA:30,2
DA:31,4
DA:32,0
DA:33,0
DA:34,2
BRDA:29,57,1,2
BRDA:31,44,0,2
BRDA:31,44,1,0
BRDA:29,57,0,0
FN:35,System.Collections.IEnumerable BlabberApp.DataStore.Plugins.InMemory::ReadByUserId(System.String)
FNDA:0,System.Collections.IEnumerable BlabberApp.DataStore.Plugins.InMemory::ReadByUserId(System.String)
DA:36,0
DA:37,0
FN:39,BlabberApp.Domain.Interfaces.IEntity BlabberApp.DataStore.Plugins.InMemory::ReadByUserEmail(System.String)
FNDA:7,BlabberApp.Domain.Interfaces.IEntity BlabberApp.DataStore.Plugins.InMemory::ReadByUserEmail(System.String)
DA:40,7
DA:41,22
DA:42,1
DA:43,1
DA:44,1
DA:45,1
DA:47,0
DA:48,6
DA:49,1
BRDA:41,57,1,1
BRDA:43,43,0,1
BRDA:43,43,1,0
BRDA:41,57,0,6
FN:51,System.Void BlabberApp.DataStore.Plugins.InMemory::Update(BlabberApp.Domain.Interfaces.IEntity)
FNDA:0,System.Void BlabberApp.DataStore.Plugins.InMemory::Update(BlabberApp.Domain.Interfaces.IEntity)
DA:52,0
DA:53,0
DA:54,0
DA:55,0
FN:57,System.Void BlabberApp.DataStore.Plugins.InMemory::Delete(BlabberApp.Domain.Interfaces.IEntity)
FNDA:15,System.Void BlabberApp.DataStore.Plugins.InMemory::Delete(BlabberApp.Domain.Interfaces.IEntity)
DA:58,15
DA:59,15
DA:60,15
FN:61,System.Void BlabberApp.DataStore.Plugins.InMemory::DeleteAll()
FNDA:1,System.Void BlabberApp.DataStore.Plugins.InMemory::DeleteAll()
DA:62,1
DA:63,1
DA:64,1
FN:11,System.Void BlabberApp.DataStore.Plugins.InMemory::.ctor()
FNDA:7,System.Void BlabberApp.DataStore.Plugins.InMemory::.ctor()
DA:12,7
DA:13,7
DA:14,7
DA:15,7
LF:38
LH:29
BRF:8
BRH:5
FNF:9
FNH:7
end_of_record
SF:C:\Users\Rachel Benzon\Documents\.Net\Blabber\assignment-05-rrbenzon\BlabberApp.DataStore\Plugins\MySqlBlab.cs
FN:26,System.Void BlabberApp.DataStore.Plugins.MySqlBlab::Close()
FNDA:0,System.Void BlabberApp.DataStore.Plugins.MySqlBlab::Close()
DA:27,0
DA:28,0
DA:29,0
FN:30,System.Void BlabberApp.DataStore.Plugins.MySqlBlab::Create(BlabberApp.Domain.Interfaces.IEntity)
FNDA:9,System.Void BlabberApp.DataStore.Plugins.MySqlBlab::Create(BlabberApp.Domain.Interfaces.IEntity)
DA:31,9
DA:32,9
DA:34,9
DA:35,9
DA:36,9
DA:37,9
DA:38,9
DA:39,9
DA:40,9
DA:41,9
DA:42,9
DA:43,9
DA:44,0
DA:45,0
DA:46,0
DA:48,9
FN:50,System.Collections.IEnumerable BlabberApp.DataStore.Plugins.MySqlBlab::ReadAll()
FNDA:7,System.Collections.IEnumerable BlabberApp.DataStore.Plugins.MySqlBlab::ReadAll()
DA:51,7
DA:53,7
DA:54,7
DA:55,7
DA:56,7
DA:57,7
DA:59,7
DA:61,7
DA:63,69
DA:64,24
DA:65,24
DA:66,24
DA:68,7
DA:70,0
DA:71,0
DA:72,0
DA:74,7
BRDA:63,115,1,24
BRDA:63,115,0,7
FN:76,BlabberApp.Domain.Interfaces.IEntity BlabberApp.DataStore.Plugins.MySqlBlab::ReadById(System.Guid)
FNDA:1,BlabberApp.Domain.Interfaces.IEntity BlabberApp.DataStore.Plugins.MySqlBlab::ReadById(System.Guid)
DA:77,1
DA:79,1
DA:80,1
DA:81,1
DA:82,1
DA:83,1
DA:85,1
DA:87,1
DA:88,1
DA:90,1
DA:92,1
DA:94,0
DA:95,0
DA:96,0
DA:98,1
FN:100,System.Collections.IEnumerable BlabberApp.DataStore.Plugins.MySqlBlab::ReadByUserId(System.String)
FNDA:3,System.Collections.IEnumerable BlabberApp.DataStore.Plugins.MySqlBlab::ReadByUserId(System.String)
DA:101,3
DA:103,3
DA:104,3
DA:105,3
DA:106,3
DA:107,3
DA:109,3
DA:111,3
DA:113,15
DA:114,3
DA:115,3
DA:116,3
DA:118,3
DA:120,0
DA:121,0
DA:122,0
DA:124,3
BRDA:113,131,1,3
BRDA:113,131,0,3
FN:126,System.Void BlabberApp.DataStore.Plugins.MySqlBlab::Update(BlabberApp.Domain.Interfaces.IEntity)
FNDA:0,System.Void BlabberApp.DataStore.Plugins.MySqlBlab::Update(BlabberApp.Domain.Interfaces.IEntity)
DA:127,0
DA:128,0
DA:129,0
FN:131,System.Void BlabberApp.DataStore.Plugins.MySqlBlab::Delete(BlabberApp.Domain.Interfaces.IEntity)
FNDA:31,System.Void BlabberApp.DataStore.Plugins.MySqlBlab::Delete(BlabberApp.Domain.Interfaces.IEntity)
DA:132,31
DA:133,31
DA:134,31
DA:135,31
DA:136,31
DA:137,31
FN:138,System.Void BlabberApp.DataStore.Plugins.MySqlBlab::DeleteAll()
FNDA:1,System.Void BlabberApp.DataStore.Plugins.MySqlBlab::DeleteAll()
DA:139,1
DA:140,1
DA:141,1
DA:142,1
DA:143,1
FN:144,BlabberApp.Domain.Entities.Blab BlabberApp.DataStore.Plugins.MySqlBlab::DataRow2Blab(System.Data.DataRow)
FNDA:27,BlabberApp.Domain.Entities.Blab BlabberApp.DataStore.Plugins.MySqlBlab::DataRow2Blab(System.Data.DataRow)
DA:145,27
DA:146,27
DA:148,27
DA:150,27
DA:152,27
DA:153,27
DA:154,27
DA:156,27
DA:157,27
FN:13,System.Void BlabberApp.DataStore.Plugins.MySqlBlab::.ctor()
FNDA:6,System.Void BlabberApp.DataStore.Plugins.MySqlBlab::.ctor()
DA:14,6
DA:15,6
DA:16,6
DA:18,6
DA:19,6
DA:20,6
DA:21,0
DA:22,0
DA:23,0
DA:25,6
LF:101
LH:80
BRF:4
BRH:4
FNF:10
FNH:8
end_of_record
SF:C:\Users\Rachel Benzon\Documents\.Net\Blabber\assignment-05-rrbenzon\BlabberApp.DataStore\Plugins\MySqlUser.cs
FN:26,System.Void BlabberApp.DataStore.Plugins.MySqlUser::Close()
FNDA:0,System.Void BlabberApp.DataStore.Plugins.MySqlUser::Close()
DA:27,0
DA:28,0
DA:29,0
FN:30,System.Void BlabberApp.DataStore.Plugins.MySqlUser::Create(BlabberApp.Domain.Interfaces.IEntity)
FNDA:2,System.Void BlabberApp.DataStore.Plugins.MySqlUser::Create(BlabberApp.Domain.Interfaces.IEntity)
DA:31,2
DA:32,2
DA:34,2
DA:35,2
DA:36,2
DA:37,2
DA:38,2
DA:39,2
DA:40,2
DA:41,2
DA:42,2
DA:43,2
DA:44,0
DA:45,0
DA:46,0
DA:48,2
FN:50,System.Collections.IEnumerable BlabberApp.DataStore.Plugins.MySqlUser::ReadAll()
FNDA:1,System.Collections.IEnumerable BlabberApp.DataStore.Plugins.MySqlUser::ReadAll()
DA:51,1
DA:53,1
DA:54,1
DA:55,1
DA:56,1
DA:57,1
DA:59,1
DA:61,1
DA:63,21
DA:64,9
DA:65,9
DA:66,9
DA:68,1
DA:70,0
DA:71,0
DA:72,0
DA:74,1
BRDA:63,120,1,9
BRDA:63,120,0,1
FN:76,BlabberApp.Domain.Interfaces.IEntity BlabberApp.DataStore.Plugins.MySqlUser::ReadById(System.Guid)
FNDA:1,BlabberApp.Domain.Interfaces.IEntity BlabberApp.DataStore.Plugins.MySqlUser::ReadById(System.Guid)
DA:77,1
DA:79,1
DA:80,1
DA:81,1
DA:82,1
DA:83,1
DA:85,1
DA:87,1
DA:89,1
DA:91,0
DA:92,0
DA:93,0
DA:95,1
FN:96,BlabberApp.Domain.Interfaces.IEntity BlabberApp.DataStore.Plugins.MySqlUser::ReadByUserEmail(System.String)
FNDA:2,BlabberApp.Domain.Interfaces.IEntity BlabberApp.DataStore.Plugins.MySqlUser::ReadByUserEmail(System.String)
DA:97,2
DA:99,2
DA:100,2
DA:101,2
DA:102,2
DA:103,2
DA:105,2
DA:107,2
DA:109,0
DA:111,2
DA:112,2
DA:113,2
DA:115,0
FN:117,System.Void BlabberApp.DataStore.Plugins.MySqlUser::Update(BlabberApp.Domain.Interfaces.IEntity)
FNDA:0,System.Void BlabberApp.DataStore.Plugins.MySqlUser::Update(BlabberApp.Domain.Interfaces.IEntity)
DA:118,0
DA:119,0
DA:120,0
FN:122,System.Void BlabberApp.DataStore.Plugins.MySqlUser::Delete(BlabberApp.Domain.Interfaces.IEntity)
FNDA:3,System.Void BlabberApp.DataStore.Plugins.MySqlUser::Delete(BlabberApp.Domain.Interfaces.IEntity)
DA:123,3
DA:124,3
DA:125,3
DA:126,3
DA:127,3
DA:128,3
DA:129,0
DA:130,0
DA:132,3
FN:134,System.Void BlabberApp.DataStore.Plugins.MySqlUser::DeleteAll()
FNDA:0,System.Void BlabberApp.DataStore.Plugins.MySqlUser::DeleteAll()
DA:135,0
DA:136,0
DA:137,0
DA:138,0
DA:139,0
FN:141,BlabberApp.Domain.Entities.User BlabberApp.DataStore.Plugins.MySqlUser::DataRow2User(System.Data.DataRow)
FNDA:10,BlabberApp.Domain.Entities.User BlabberApp.DataStore.Plugins.MySqlUser::DataRow2User(System.Data.DataRow)
DA:142,10
DA:143,10
DA:145,10
DA:146,10
DA:147,10
DA:148,10
DA:150,10
DA:151,10
FN:13,System.Void BlabberApp.DataStore.Plugins.MySqlUser::.ctor()
FNDA:3,System.Void BlabberApp.DataStore.Plugins.MySqlUser::.ctor()
DA:14,3
DA:15,3
DA:16,3
DA:18,3
DA:19,3
DA:20,3
DA:21,0
DA:22,0
DA:23,0
DA:25,3
LF:97
LH:70
BRF:2
BRH:2
FNF:10
FNH:7
end_of_record
SF:C:\Users\Rachel Benzon\Documents\.Net\Blabber\assignment-05-rrbenzon\BlabberApp.DataStore\Exceptions\BlabAdapterExceptions.cs
FN:6,System.Void BlabberApp.DataStore.Exceptions.BlabAdapterException::.ctor(System.String)
FNDA:0,System.Void BlabberApp.DataStore.Exceptions.BlabAdapterException::.ctor(System.String)
DA:7,0
DA:8,0
DA:9,0
FN:9,System.Void BlabberApp.DataStore.Exceptions.BlabAdapterException::.ctor(System.String,System.Exception)
FNDA:0,System.Void BlabberApp.DataStore.Exceptions.BlabAdapterException::.ctor(System.String,System.Exception)
DA:10,0
DA:11,0
DA:12,0
FN:15,System.Void BlabberApp.DataStore.Exceptions.BlabAdapterNotFoundException::.ctor(System.String)
FNDA:0,System.Void BlabberApp.DataStore.Exceptions.BlabAdapterNotFoundException::.ctor(System.String)
DA:16,0
DA:17,0
DA:18,0
FN:18,System.Void BlabberApp.DataStore.Exceptions.BlabAdapterNotFoundException::.ctor(System.String,System.Exception)
FNDA:0,System.Void BlabberApp.DataStore.Exceptions.BlabAdapterNotFoundException::.ctor(System.String,System.Exception)
DA:19,0
DA:20,0
DA:21,0
LF:12
LH:0
BRF:0
BRH:0
FNF:4
FNH:0
end_of_record
SF:C:\Users\Rachel Benzon\Documents\.Net\Blabber\assignment-05-rrbenzon\BlabberApp.DataStore\Exceptions\UserAdapterExceptions.cs
FN:7,System.Void BlabberApp.DataStore.Exceptions.UserAdapterException::.ctor(System.String)
FNDA:0,System.Void BlabberApp.DataStore.Exceptions.UserAdapterException::.ctor(System.String)
DA:8,0
DA:9,0
DA:10,0
FN:10,System.Void BlabberApp.DataStore.Exceptions.UserAdapterException::.ctor(System.String,System.Exception)
FNDA:0,System.Void BlabberApp.DataStore.Exceptions.UserAdapterException::.ctor(System.String,System.Exception)
DA:11,0
DA:12,0
DA:13,0
FN:16,System.Void BlabberApp.DataStore.Exceptions.UserAdapterNotFoundException::.ctor(System.String)
FNDA:8,System.Void BlabberApp.DataStore.Exceptions.UserAdapterNotFoundException::.ctor(System.String)
DA:17,8
DA:18,8
DA:19,8
FN:19,System.Void BlabberApp.DataStore.Exceptions.UserAdapterNotFoundException::.ctor(System.String,System.Exception)
FNDA:0,System.Void BlabberApp.DataStore.Exceptions.UserAdapterNotFoundException::.ctor(System.String,System.Exception)
DA:20,0
DA:21,0
DA:22,0
FN:25,System.Void BlabberApp.DataStore.Exceptions.UserAdapterDuplicateException::.ctor(System.String)
FNDA:0,System.Void BlabberApp.DataStore.Exceptions.UserAdapterDuplicateException::.ctor(System.String)
DA:26,0
DA:27,0
DA:28,0
FN:28,System.Void BlabberApp.DataStore.Exceptions.UserAdapterDuplicateException::.ctor(System.String,System.Exception)
FNDA:0,System.Void BlabberApp.DataStore.Exceptions.UserAdapterDuplicateException::.ctor(System.String,System.Exception)
DA:29,0
DA:30,0
DA:31,0
LF:18
LH:3
BRF:0
BRH:0
FNF:6
FNH:1
end_of_record
SF:C:\Users\Rachel Benzon\Documents\.Net\Blabber\assignment-05-rrbenzon\BlabberApp.DataStore\Adapters\BlabAdapter.cs
FN:17,System.Void BlabberApp.DataStore.Adapters.BlabAdapter::Add(BlabberApp.Domain.Entities.Blab)
FNDA:9,System.Void BlabberApp.DataStore.Adapters.BlabAdapter::Add(BlabberApp.Domain.Entities.Blab)
DA:18,9
DA:19,9
DA:20,9
FN:22,System.Void BlabberApp.DataStore.Adapters.BlabAdapter::Remove(BlabberApp.Domain.Entities.Blab)
FNDA:31,System.Void BlabberApp.DataStore.Adapters.BlabAdapter::Remove(BlabberApp.Domain.Entities.Blab)
DA:23,31
DA:24,31
DA:25,31
FN:26,System.Void BlabberApp.DataStore.Adapters.BlabAdapter::RemoveAll()
FNDA:1,System.Void BlabberApp.DataStore.Adapters.BlabAdapter::RemoveAll()
DA:27,1
DA:28,1
DA:29,1
FN:31,System.Void BlabberApp.DataStore.Adapters.BlabAdapter::Update(BlabberApp.Domain.Entities.Blab)
FNDA:0,System.Void BlabberApp.DataStore.Adapters.BlabAdapter::Update(BlabberApp.Domain.Entities.Blab)
DA:32,0
DA:33,0
DA:34,0
FN:36,System.Collections.IEnumerable BlabberApp.DataStore.Adapters.BlabAdapter::GetAll()
FNDA:7,System.Collections.IEnumerable BlabberApp.DataStore.Adapters.BlabAdapter::GetAll()
DA:37,7
DA:38,7
DA:39,7
FN:41,BlabberApp.Domain.Entities.Blab BlabberApp.DataStore.Adapters.BlabAdapter::GetById(System.Guid)
FNDA:1,BlabberApp.Domain.Entities.Blab BlabberApp.DataStore.Adapters.BlabAdapter::GetById(System.Guid)
DA:42,1
DA:43,1
DA:44,1
FN:45,System.Collections.IEnumerable BlabberApp.DataStore.Adapters.BlabAdapter::GetByUserId(System.String)
FNDA:3,System.Collections.IEnumerable BlabberApp.DataStore.Adapters.BlabAdapter::GetByUserId(System.String)
DA:46,3
DA:47,3
DA:48,3
FN:11,System.Void BlabberApp.DataStore.Adapters.BlabAdapter::.ctor(BlabberApp.DataStore.Interfaces.IBlabPlugin)
FNDA:6,System.Void BlabberApp.DataStore.Adapters.BlabAdapter::.ctor(BlabberApp.DataStore.Interfaces.IBlabPlugin)
DA:12,6
DA:13,6
DA:14,6
DA:15,6
LF:25
LH:22
BRF:0
BRH:0
FNF:8
FNH:7
end_of_record
SF:C:\Users\Rachel Benzon\Documents\.Net\Blabber\assignment-05-rrbenzon\BlabberApp.DataStore\Adapters\UserAdapter.cs
FN:18,System.Void BlabberApp.DataStore.Adapters.UserAdapter::Add(BlabberApp.Domain.Entities.User)
FNDA:7,System.Void BlabberApp.DataStore.Adapters.UserAdapter::Add(BlabberApp.Domain.Entities.User)
DA:19,7
DA:21,7
DA:22,7
DA:23,0
DA:24,7
DA:25,7
DA:27,7
DA:28,7
DA:29,7
DA:31,0
DA:32,0
DA:33,0
DA:36,0
DA:37,7
FN:39,System.Void BlabberApp.DataStore.Adapters.UserAdapter::Remove(BlabberApp.Domain.Entities.User)
FNDA:18,System.Void BlabberApp.DataStore.Adapters.UserAdapter::Remove(BlabberApp.Domain.Entities.User)
DA:40,18
DA:42,18
DA:43,18
DA:44,18
DA:45,0
DA:46,0
DA:47,0
DA:49,18
FN:50,System.Void BlabberApp.DataStore.Adapters.UserAdapter::RemoveAll()
FNDA:1,System.Void BlabberApp.DataStore.Adapters.UserAdapter::RemoveAll()
DA:51,1
DA:52,1
DA:53,1
FN:55,System.Void BlabberApp.DataStore.Adapters.UserAdapter::Update(BlabberApp.Domain.Entities.User)
FNDA:0,System.Void BlabberApp.DataStore.Adapters.UserAdapter::Update(BlabberApp.Domain.Entities.User)
DA:56,0
DA:58,0
DA:59,0
DA:60,0
DA:61,0
DA:62,0
DA:63,0
DA:65,0
FN:67,System.Collections.IEnumerable BlabberApp.DataStore.Adapters.UserAdapter::GetAll()
FNDA:10,System.Collections.IEnumerable BlabberApp.DataStore.Adapters.UserAdapter::GetAll()
DA:68,10
DA:70,10
DA:71,10
DA:73,0
DA:74,0
DA:75,0
DA:77,10
FN:79,BlabberApp.Domain.Entities.User BlabberApp.DataStore.Adapters.UserAdapter::GetById(System.Guid)
FNDA:3,BlabberApp.Domain.Entities.User BlabberApp.DataStore.Adapters.UserAdapter::GetById(System.Guid)
DA:80,3
DA:82,3
DA:83,3
DA:84,3
DA:86,0
DA:87,0
DA:88,0
DA:90,3
FN:92,BlabberApp.Domain.Entities.User BlabberApp.DataStore.Adapters.UserAdapter::GetByEmail(System.String)
FNDA:9,BlabberApp.Domain.Entities.User BlabberApp.DataStore.Adapters.UserAdapter::GetByEmail(System.String)
DA:93,9
DA:95,9
DA:96,9
DA:97,1
DA:99,8
DA:100,8
DA:101,8
DA:103,1
FN:12,System.Void BlabberApp.DataStore.Adapters.UserAdapter::.ctor(BlabberApp.DataStore.Interfaces.IUserPlugin)
FNDA:10,System.Void BlabberApp.DataStore.Adapters.UserAdapter::.ctor(BlabberApp.DataStore.Interfaces.IUserPlugin)
DA:13,10
DA:14,10
DA:15,10
DA:16,10
LF:60
LH:38
BRF:0
BRH:0
FNF:8
FNH:7
end_of_record
SF:C:\Users\Rachel Benzon\Documents\.Net\Blabber\assignment-05-rrbenzon\BlabberApp.Domain\Entities\Blab.cs
FN:35,System.Guid BlabberApp.Domain.Entities.Blab::get_Id()
FNDA:127,System.Guid BlabberApp.Domain.Entities.Blab::get_Id()
DA:36,127
FN:36,System.DateTime BlabberApp.Domain.Entities.Blab::get_DTTM()
FNDA:0,System.DateTime BlabberApp.Domain.Entities.Blab::get_DTTM()
DA:37,0
FN:37,System.String BlabberApp.Domain.Entities.Blab::get_Message()
FNDA:94,System.String BlabberApp.Domain.Entities.Blab::get_Message()
DA:38,94
FN:38,BlabberApp.Domain.Entities.User BlabberApp.Domain.Entities.Blab::get_User()
FNDA:67,BlabberApp.Domain.Entities.User BlabberApp.Domain.Entities.Blab::get_User()
DA:39,67
FN:40,System.Boolean BlabberApp.Domain.Entities.Blab::IsValid()
FNDA:0,System.Boolean BlabberApp.Domain.Entities.Blab::IsValid()
DA:41,0
DA:43,0
DA:44,0
FN:7,System.Void BlabberApp.Domain.Entities.Blab::.ctor()
FNDA:1,System.Void BlabberApp.Domain.Entities.Blab::.ctor()
DA:8,1
DA:9,1
DA:10,1
DA:11,1
DA:12,1
DA:13,1
DA:14,1
FN:14,System.Void BlabberApp.Domain.Entities.Blab::.ctor(System.String)
FNDA:0,System.Void BlabberApp.Domain.Entities.Blab::.ctor(System.String)
DA:15,0
DA:16,0
DA:17,0
DA:18,0
DA:19,0
DA:20,0
DA:21,0
FN:21,System.Void BlabberApp.Domain.Entities.Blab::.ctor(BlabberApp.Domain.Entities.User)
FNDA:27,System.Void BlabberApp.Domain.Entities.Blab::.ctor(BlabberApp.Domain.Entities.User)
DA:22,27
DA:23,27
DA:24,27
DA:25,27
DA:26,27
DA:27,27
DA:28,27
FN:28,System.Void BlabberApp.Domain.Entities.Blab::.ctor(System.String,BlabberApp.Domain.Entities.User)
FNDA:30,System.Void BlabberApp.Domain.Entities.Blab::.ctor(System.String,BlabberApp.Domain.Entities.User)
DA:29,30
DA:30,30
DA:31,30
DA:32,30
DA:33,30
DA:34,30
DA:35,30
LF:35
LH:24
BRF:0
BRH:0
FNF:9
FNH:6
end_of_record
SF:C:\Users\Rachel Benzon\Documents\.Net\Blabber\assignment-05-rrbenzon\BlabberApp.Domain\Entities\User.cs
FN:7,System.Guid BlabberApp.Domain.Entities.User::get_Id()
FNDA:96,System.Guid BlabberApp.Domain.Entities.User::get_Id()
DA:8,96
FN:8,System.DateTime BlabberApp.Domain.Entities.User::get_RegisterDTTM()
FNDA:0,System.DateTime BlabberApp.Domain.Entities.User::get_RegisterDTTM()
DA:9,0
FN:9,System.DateTime BlabberApp.Domain.Entities.User::get_LastLoginDTTM()
FNDA:0,System.DateTime BlabberApp.Domain.Entities.User::get_LastLoginDTTM()
DA:10,0
FN:10,System.String BlabberApp.Domain.Entities.User::get_Email()
FNDA:88,System.String BlabberApp.Domain.Entities.User::get_Email()
DA:11,88
FN:24,System.Void BlabberApp.Domain.Entities.User::ChangeEmail(System.String)
FNDA:66,System.Void BlabberApp.Domain.Entities.User::ChangeEmail(System.String)
DA:25,66
DA:26,66
DA:27,0
DA:29,66
DA:30,66
DA:31,66
DA:32,0
DA:33,0
DA:34,0
DA:36,66
DA:37,66
BRDA:26,7,0,66
BRDA:26,7,1,0
BRDA:26,24,0,0
BRDA:26,24,1,66
FN:38,System.Boolean BlabberApp.Domain.Entities.User::IsValid()
FNDA:0,System.Boolean BlabberApp.Domain.Entities.User::IsValid()
DA:39,0
DA:40,0
DA:41,0
DA:42,0
DA:43,0
DA:44,0
DA:45,0
DA:46,0
BRDA:40,11,0,0
BRDA:40,11,1,0
BRDA:41,30,0,0
BRDA:41,30,1,0
BRDA:42,61,0,0
BRDA:42,61,1,0
BRDA:43,79,0,0
BRDA:43,79,1,0
BRDA:44,99,0,0
BRDA:44,99,1,0
FN:12,System.Void BlabberApp.Domain.Entities.User::.ctor()
FNDA:38,System.Void BlabberApp.Domain.Entities.User::.ctor()
DA:13,38
DA:14,38
DA:15,38
DA:16,38
FN:17,System.Void BlabberApp.Domain.Entities.User::.ctor(System.String)
FNDA:29,System.Void BlabberApp.Domain.Entities.User::.ctor(System.String)
DA:18,29
DA:19,29
DA:20,29
DA:21,29
DA:22,29
LF:32
LH:18
BRF:14
BRH:2
FNF:8
FNH:5
end_of_record